I [21/Mar/2019:08:12:40 +0100] [Job 180479] Adding start banner page "none".
I [21/Mar/2019:08:12:40 +0100] [Job 180479] Queued on "kylkontroll_s4m" by "wms".
I [21/Mar/2019:08:12:40 +0100] [Job 180479] File of type application/octet-stream queued by "wms".
I [21/Mar/2019:08:12:40 +0100] [Job 180479] Adding end banner page "none".
I [21/Mar/2019:08:12:40 +0100] [Job 180479] Started backend /usr/lib/cups/backend/socket (PID 28049)
E [21/Mar/2019:08:13:10 +0100] [Job 180479] The printer is not responding.
E [21/Mar/2019:08:14:10 +0100] [Job 180479] The printer is not responding.
E [21/Mar/2019:08:15:10 +0100] [Job 180479] The printer is not responding.
E [21/Mar/2019:08:16:10 +0100] [Job 180479] The printer is not responding.
E [21/Mar/2019:08:17:10 +0100] [Job 180479] The printer is not responding.
E [21/Mar/2019:08:18:10 +0100] [Job 180479] The printer is not responding.
E [21/Mar/2019:08:19:10 +0100] [Job 180479] The printer is not responding.
E [21/Mar/2019:08:20:10 +0100] [Job 180479] The printer is not responding.
E [21/Mar/2019:08:21:10 +0100] [Job 180479] The printer is not responding.
E [21/Mar/2019:08:22:10 +0100] [Job 180479] The printer is not responding.
E [21/Mar/2019:08:23:10 +0100] [Job 180479] The printer is not responding.
E [21/Mar/2019:08:24:10 +0100] [Job 180479] The printer is not responding.
E [21/Mar/2019:08:25:10 +0100] [Job 180479] The printer is not responding.
E [21/Mar/2019:08:26:10 +0100] [Job 180479] The printer is not responding.
E [21/Mar/2019:08:27:10 +0100] [Job 180479] The printer is not responding.
E [21/Mar/2019:08:28:10 +0100] [Job 180479] The printer is not responding.
E [21/Mar/2019:08:29:10 +0100] [Job 180479] The printer is not responding.
E [21/Mar/2019:08:30:10 +0100] [Job 180479] The printer is not responding.
E [21/Mar/2019:08:31:11 +0100] [Job 180479] The printer is not responding.
E [21/Mar/2019:08:32:11 +0100] [Job 180479] The printer is not responding.
E [21/Mar/2019:08:33:11 +0100] [Job 180479] The printer is not responding.
E [21/Mar/2019:08:34:11 +0100] [Job 180479] The printer is not responding.
E [21/Mar/2019:08:35:11 +0100] [Job 180479] The printer is not responding.
E [21/Mar/2019:08:36:11 +0100] [Job 180479] The printer is not responding.
E [21/Mar/2019:08:37:11 +0100] [Job 180479] The printer is not responding.
E [21/Mar/2019:08:38:11 +0100] [Job 180479] The printer is not responding.
E [21/Mar/2019:08:39:11 +0100] [Job 180479] The printer is not responding.
E [21/Mar/2019:08:40:11 +0100] [Job 180479] The printer is not responding.
E [21/Mar/2019:08:41:11 +0100] [Job 180479] The printer is not responding.
E [21/Mar/2019:08:42:11 +0100] [Job 180479] The printer is not responding.
E [21/Mar/2019:08:43:11 +0100] [Job 180479] The printer is not responding.
E [21/Mar/2019:08:44:11 +0100] [Job 180479] The printer is not responding.
E [21/Mar/2019:08:45:11 +0100] [Job 180479] The printer is not responding.
E [21/Mar/2019:08:46:11 +0100] [Job 180479] The printer is not responding.
E [21/Mar/2019:08:47:11 +0100] [Job 180479] The printer is not responding.
E [21/Mar/2019:08:48:11 +0100] [Job 180479] The printer is not responding.
E [21/Mar/2019:08:49:11 +0100] [Job 180479] The printer is not responding.
E [21/Mar/2019:08:50:11 +0100] [Job 180479] The printer is not responding.
E [21/Mar/2019:08:51:11 +0100] [Job 180479] The printer is not responding.
E [21/Mar/2019:08:52:11 +0100] [Job 180479] The printer is not responding.
E [21/Mar/2019:08:53:11 +0100] [Job 180479] The printer is not responding.
E [21/Mar/2019:08:54:11 +0100] [Job 180479] The printer is not responding.
E [21/Mar/2019:08:55:11 +0100] [Job 180479] The printer is not responding.
E [21/Mar/2019:08:56:11 +0100] [Job 180479] The printer is not responding.
E [21/Mar/2019:08:57:11 +0100] [Job 180479] The printer is not responding.
E [21/Mar/2019:08:58:11 +0100] [Job 180479] The printer is not responding.
E [21/Mar/2019:08:59:11 +0100] [Job 180479] The printer is not responding.
E [21/Mar/2019:09:00:12 +0100] [Job 180479] The printer is not responding.
E [21/Mar/2019:09:01:12 +0100] [Job 180479] The printer is not responding.
E [21/Mar/2019:09:02:12 +0100] [Job 180479] The printer is not responding.
E [21/Mar/2019:09:03:12 +0100] [Job 180479] The printer is not responding.
E [21/Mar/2019:09:04:12 +0100] [Job 180479] The printer is not responding.
E [21/Mar/2019:09:05:12 +0100] [Job 180479] The printer is not responding.
E [21/Mar/2019:09:06:12 +0100] [Job 180479] The printer is not responding.
E [21/Mar/2019:09:07:12 +0100] [Job 180479] The printer is not responding.
E [21/Mar/2019:09:08:12 +0100] [Job 180479] The printer is not responding.
E [21/Mar/2019:09:09:12 +0100] [Job 180479] The printer is not responding.
E [21/Mar/2019:09:10:12 +0100] [Job 180479] The printer is not responding.
E [21/Mar/2019:09:11:12 +0100] [Job 180479] The printer is not responding.
E [21/Mar/2019:09:12:12 +0100] [Job 180479] The printer is not responding.
E [21/Mar/2019:09:13:12 +0100] [Job 180479] The printer is not responding.
E [21/Mar/2019:09:14:12 +0100] [Job 180479] The printer is not responding.
E [21/Mar/2019:09:15:12 +0100] [Job 180479] The printer is not responding.
E [21/Mar/2019:09:16:12 +0100] [Job 180479] The printer is not responding.
E [21/Mar/2019:09:17:12 +0100] [Job 180479] The printer is not responding.
E [21/Mar/2019:09:18:12 +0100] [Job 180479] The printer is not responding.
E [21/Mar/2019:09:19:12 +0100] [Job 180479] The printer is not responding.
E [21/Mar/2019:09:20:12 +0100] [Job 180479] The printer is not responding.
E [21/Mar/2019:09:21:12 +0100] [Job 180479] The printer is not responding.
E [21/Mar/2019:09:22:12 +0100] [Job 180479] The printer is not responding.
E [21/Mar/2019:09:23:12 +0100] [Job 180479] The printer is not responding.
E [21/Mar/2019:09:24:12 +0100] [Job 180479] The printer is not responding.
E [21/Mar/2019:09:25:12 +0100] [Job 180479] The printer is not responding.
E [21/Mar/2019:09:26:12 +0100] [Job 180479] The printer is not responding.
E [21/Mar/2019:09:27:12 +0100] [Job 180479] The printer is not responding.
E [21/Mar/2019:09:28:12 +0100] [Job 180479] The printer is not responding.
E [21/Mar/2019:09:29:13 +0100] [Job 180479] The printer is not responding.
E [21/Mar/2019:09:30:13 +0100] [Job 180479] The printer is not responding.
E [21/Mar/2019:09:31:13 +0100] [Job 180479] The printer is not responding.
E [21/Mar/2019:09:32:13 +0100] [Job 180479] The printer is not responding.
E [21/Mar/2019:09:33:13 +0100] [Job 180479] The printer is not responding.
E [21/Mar/2019:09:34:13 +0100] [Job 180479] The printer is not responding.
E [21/Mar/2019:09:35:13 +0100] [Job 180479] The printer is not responding.
E [21/Mar/2019:09:36:13 +0100] [Job 180479] The printer is not responding.
E [21/Mar/2019:09:37:13 +0100] [Job 180479] The printer is not responding.
E [21/Mar/2019:09:38:13 +0100] [Job 180479] The printer is not responding.
E [21/Mar/2019:09:39:13 +0100] [Job 180479] The printer is not responding.
E [21/Mar/2019:09:40:13 +0100] [Job 180479] The printer is not responding.
E [21/Mar/2019:09:41:13 +0100] [Job 180479] The printer is not responding.
E [21/Mar/2019:09:42:13 +0100] [Job 180479] The printer is not responding.
E [21/Mar/2019:09:43:13 +0100] [Job 180479] The printer is not responding.
E [21/Mar/2019:09:44:13 +0100] [Job 180479] The printer is not responding.
E [21/Mar/2019:09:45:13 +0100] [Job 180479] The printer is not responding.
E [21/Mar/2019:09:46:13 +0100] [Job 180479] The printer is not responding.
E [21/Mar/2019:09:47:13 +0100] [Job 180479] The printer is not responding.
E [21/Mar/2019:09:48:13 +0100] [Job 180479] The printer is not responding.
E [21/Mar/2019:09:49:13 +0100] [Job 180479] The printer is not responding.
E [21/Mar/2019:09:50:13 +0100] [Job 180479] The printer is not responding.
E [21/Mar/2019:09:51:13 +0100] [Job 180479] The printer is not responding.
E [21/Mar/2019:09:52:13 +0100] [Job 180479] The printer is not responding.
E [21/Mar/2019:09:53:13 +0100] [Job 180479] The printer is not responding.
E [21/Mar/2019:09:54:13 +0100] [Job 180479] The printer is not responding.
E [21/Mar/2019:09:55:13 +0100] [Job 180479] The printer is not responding.
E [21/Mar/2019:09:56:13 +0100] [Job 180479] The printer is not responding.
E [21/Mar/2019:09:57:14 +0100] [Job 180479] The printer is not responding.
E [21/Mar/2019:09:58:14 +0100] [Job 180479] The printer is not responding.
E [21/Mar/2019:09:59:14 +0100] [Job 180479] The printer is not responding.
E [21/Mar/2019:10:00:14 +0100] [Job 180479] The printer is not responding.
E [21/Mar/2019:10:01:14 +0100] [Job 180479] The printer is not responding.
E [21/Mar/2019:10:02:14 +0100] [Job 180479] The printer is not responding.
E [21/Mar/2019:10:03:14 +0100] [Job 180479] The printer is not responding.
E [21/Mar/2019:10:04:14 +0100] [Job 180479] The printer is not responding.
E [21/Mar/2019:10:05:14 +0100] [Job 180479] The printer is not responding.
E [21/Mar/2019:10:06:14 +0100] [Job 180479] The printer is not responding.
E [21/Mar/2019:10:07:14 +0100] [Job 180479] The printer is not responding.
E [21/Mar/2019:10:08:14 +0100] [Job 180479] The printer is not responding.
E [21/Mar/2019:10:09:14 +0100] [Job 180479] The printer is not responding.
E [21/Mar/2019:10:10:14 +0100] [Job 180479] The printer is not responding.
E [21/Mar/2019:10:11:14 +0100] [Job 180479] The printer is not responding.
E [21/Mar/2019:10:12:14 +0100] [Job 180479] The printer is not responding.
E [21/Mar/2019:10:13:14 +0100] [Job 180479] The printer is not responding.
E [21/Mar/2019:10:14:14 +0100] [Job 180479] The printer is not responding.
E [21/Mar/2019:10:15:14 +0100] [Job 180479] The printer is not responding.
E [21/Mar/2019:10:16:14 +0100] [Job 180479] The printer is not responding.
E [21/Mar/2019:10:17:14 +0100] [Job 180479] The printer is not responding.
E [21/Mar/2019:10:18:14 +0100] [Job 180479] The printer is not responding.
E [21/Mar/2019:10:19:14 +0100] [Job 180479] The printer is not responding.
E [21/Mar/2019:10:20:14 +0100] [Job 180479] The printer is not responding.
E [21/Mar/2019:10:21:14 +0100] [Job 180479] The printer is not responding.
E [21/Mar/2019:10:22:14 +0100] [Job 180479] The printer is not responding.
E [21/Mar/2019:10:23:14 +0100] [Job 180479] The printer is not responding.
E [21/Mar/2019:10:24:14 +0100] [Job 180479] The printer is not responding.
E [21/Mar/2019:10:25:14 +0100] [Job 180479] The printer is not responding.
E [21/Mar/2019:10:26:15 +0100] [Job 180479] The printer is not responding.
E [21/Mar/2019:10:27:15 +0100] [Job 180479] The printer is not responding.
E [21/Mar/2019:10:28:15 +0100] [Job 180479] The printer is not responding.
E [21/Mar/2019:10:29:15 +0100] [Job 180479] The printer is not responding.
E [21/Mar/2019:10:30:15 +0100] [Job 180479] The printer is not responding.
E [21/Mar/2019:10:31:15 +0100] [Job 180479] The printer is not responding.
E [21/Mar/2019:10:32:15 +0100] [Job 180479] The printer is not responding.
E [21/Mar/2019:10:33:15 +0100] [Job 180479] The printer is not responding.
E [21/Mar/2019:10:34:15 +0100] [Job 180479] The printer is not responding.
E [21/Mar/2019:10:35:15 +0100] [Job 180479] The printer is not responding.
E [21/Mar/2019:10:36:15 +0100] [Job 180479] The printer is not responding.
E [21/Mar/2019:10:37:15 +0100] [Job 180479] The printer is not responding.
E [21/Mar/2019:10:38:15 +0100] [Job 180479] The printer is not responding.
E [21/Mar/2019:10:39:15 +0100] [Job 180479] The printer is not responding.
E [21/Mar/2019:10:40:15 +0100] [Job 180479] The printer is not responding.
E [21/Mar/2019:10:41:15 +0100] [Job 180479] The printer is not responding.
E [21/Mar/2019:10:42:15 +0100] [Job 180479] The printer is not responding.
E [21/Mar/2019:10:43:15 +0100] [Job 180479] The printer is not responding.
E [21/Mar/2019:10:44:15 +0100] [Job 180479] The printer is not responding.
E [21/Mar/2019:10:45:15 +0100] [Job 180479] The printer is not responding.
E [21/Mar/2019:10:46:15 +0100] [Job 180479] The printer is not responding.
E [21/Mar/2019:10:47:15 +0100] [Job 180479] The printer is not responding.
E [21/Mar/2019:10:48:15 +0100] [Job 180479] The printer is not responding.
E [21/Mar/2019:10:49:15 +0100] [Job 180479] The printer is not responding.
E [21/Mar/2019:10:50:15 +0100] [Job 180479] The printer is not responding.
E [21/Mar/2019:10:51:15 +0100] [Job 180479] The printer is not responding.
E [21/Mar/2019:10:52:15 +0100] [Job 180479] The printer is not responding.
E [21/Mar/2019:10:53:15 +0100] [Job 180479] The printer is not responding.
E [21/Mar/2019:10:54:15 +0100] [Job 180479] The printer is not responding.
E [21/Mar/2019:10:55:16 +0100] [Job 180479] The printer is not responding.
E [21/Mar/2019:10:56:16 +0100] [Job 180479] The printer is not responding.
E [21/Mar/2019:10:57:16 +0100] [Job 180479] The printer is not responding.
E [21/Mar/2019:10:58:16 +0100] [Job 180479] The printer is not responding.
E [21/Mar/2019:10:59:16 +0100] [Job 180479] The printer is not responding.
E [21/Mar/2019:11:00:16 +0100] [Job 180479] The printer is not responding.
E [21/Mar/2019:11:01:16 +0100] [Job 180479] The printer is not responding.
E [21/Mar/2019:11:02:16 +0100] [Job 180479] The printer is not responding.
E [21/Mar/2019:11:03:16 +0100] [Job 180479] The printer is not responding.
E [21/Mar/2019:11:04:16 +0100] [Job 180479] The printer is not responding.
E [21/Mar/2019:11:05:16 +0100] [Job 180479] The printer is not responding.
E [21/Mar/2019:11:06:16 +0100] [Job 180479] The printer is not responding.
E [21/Mar/2019:11:07:16 +0100] [Job 180479] The printer is not responding.
E [21/Mar/2019:11:08:16 +0100] [Job 180479] The printer is not responding.
E [21/Mar/2019:11:09:16 +0100] [Job 180479] The printer is not responding.
E [21/Mar/2019:11:10:16 +0100] [Job 180479] The printer is not responding.
E [21/Mar/2019:11:11:16 +0100] [Job 180479] The printer is not responding.
E [21/Mar/2019:11:12:16 +0100] [Job 180479] The printer is not responding.
I [21/Mar/2019:11:12:40 +0100] [Job 180479] Canceling stuck job after 10800 seconds.
